[debug] [2026-03-15T14:55:33.168Z] ----------------------------------------------------------------------
[debug] [2026-03-15T14:55:33.172Z] Command:       C:\Program Files\nodejs\node.exe C:\Users\HP\AppData\Roaming\npm\node_modules\firebase-tools\lib\bin\firebase.js deploy
[debug] [2026-03-15T14:55:33.172Z] CLI Version:   15.10.0
[debug] [2026-03-15T14:55:33.172Z] Platform:      win32
[debug] [2026-03-15T14:55:33.172Z] Node Version:  v25.2.1
[debug] [2026-03-15T14:55:33.173Z] Time:          Sun Mar 15 2026 17:55:33 GMT+0300 (East Africa Time)
[debug] [2026-03-15T14:55:33.173Z] ----------------------------------------------------------------------
[debug] 
[debug] [2026-03-15T14:55:37.371Z] Field "/apphosting" in "firebase.json" is possibly invalid: must be object
[debug] [2026-03-15T14:55:37.371Z] Object "/apphosting/0" in "firebase.json" is missing required property: {"missingProperty":"backendId"}
[debug] [2026-03-15T14:55:37.371Z] Field "/apphosting" in "firebase.json" is possibly invalid: must match a schema in anyOf
[debug] [2026-03-15T14:55:37.377Z] > command requires scopes: ["email","openid","https://www.googleapis.com/auth/cloudplatformprojects.readonly","https://www.googleapis.com/auth/firebase","https://www.googleapis.com/auth/cloud-platform"]
[debug] [2026-03-15T14:55:37.377Z] > authorizing via signed-in user (info@unihost.co.ke)
[debug] [2026-03-15T14:55:37.377Z] [iam] checking project studio-2954956221-d79a9 for permissions ["firebase.projects.get","firebasehosting.sites.update"]
[debug] [2026-03-15T14:55:37.380Z] Checked if tokens are valid: true, expires at: 1773589829725
[debug] [2026-03-15T14:55:37.380Z] Checked if tokens are valid: true, expires at: 1773589829725
[debug] [2026-03-15T14:55:37.381Z] >>> [apiv2][query] POST https://cloudresourcemanager.googleapis.com/v1/projects/studio-2954956221-d79a9:testIamPermissions [none]
[debug] [2026-03-15T14:55:37.382Z] >>> [apiv2][(partial)header] POST https://cloudresourcemanager.googleapis.com/v1/projects/studio-2954956221-d79a9:testIamPermissions  x-goog-user-project=studio-2954956221-d79a9
[debug] [2026-03-15T14:55:37.382Z] >>> [apiv2][body] POST https://cloudresourcemanager.googleapis.com/v1/projects/studio-2954956221-d79a9:testIamPermissions {"permissions":["firebase.projects.get","firebasehosting.sites.update"]}
[debug] [2026-03-15T14:55:39.050Z] <<< [apiv2][status] POST https://cloudresourcemanager.googleapis.com/v1/projects/studio-2954956221-d79a9:testIamPermissions 200
[debug] [2026-03-15T14:55:39.050Z] <<< [apiv2][body] POST https://cloudresourcemanager.googleapis.com/v1/projects/studio-2954956221-d79a9:testIamPermissions {"permissions":["firebase.projects.get","firebasehosting.sites.update"]}
[debug] [2026-03-15T14:55:39.051Z] Checked if tokens are valid: true, expires at: 1773589829725
[debug] [2026-03-15T14:55:39.051Z] Checked if tokens are valid: true, expires at: 1773589829725
[debug] [2026-03-15T14:55:39.051Z] >>> [apiv2][query] GET https://firebase.googleapis.com/v1beta1/projects/studio-2954956221-d79a9 [none]
[debug] [2026-03-15T14:55:39.680Z] <<< [apiv2][status] GET https://firebase.googleapis.com/v1beta1/projects/studio-2954956221-d79a9 200
[debug] [2026-03-15T14:55:39.680Z] <<< [apiv2][body] GET https://firebase.googleapis.com/v1beta1/projects/studio-2954956221-d79a9 {"projectId":"studio-2954956221-d79a9","projectNumber":"120951427362","displayName":"slice and spice","name":"projects/studio-2954956221-d79a9","resources":{"hostingSite":"studio-2954956221-d79a9","realtimeDatabaseInstance":"studio-2954956221-d79a9-default-rtdb"},"state":"ACTIVE","etag":"1_7b30d8cd-623d-4977-b83f-8265cff20899"}
[info] 
   Thank you for trying our early preview of Next.js support on Firebase Hosting.
   During the preview, support is best-effort and breaking changes can be expected. Proceed with caution.
   The integration is known to work with Next.js version 12 - 15.0. You may encounter errors.

   Documentation: https://firebase.google.com/docs/hosting/frameworks/nextjs
   File a bug: https://github.com/firebase/firebase-tools/issues/new?template=bug_report.md
   Submit a feature request: https://github.com/firebase/firebase-tools/issues/new?template=feature_request.md

   We'd love to learn from you. Express your interest in helping us shape the future of Firebase Hosting: https://goo.gle/41enW5X

[debug] [2026-03-15T14:55:56.778Z] Checked if tokens are valid: true, expires at: 1773589829725
[debug] [2026-03-15T14:55:56.778Z] Checked if tokens are valid: true, expires at: 1773589829725
[debug] [2026-03-15T14:55:56.779Z] >>> [apiv2][query] GET https://firebasehosting.googleapis.com/v1beta1/projects/studio-2954956221-d79a9/sites/studio-2954956221-d79a9 [none]
[debug] [2026-03-15T14:55:58.730Z] <<< [apiv2][status] GET https://firebasehosting.googleapis.com/v1beta1/projects/studio-2954956221-d79a9/sites/studio-2954956221-d79a9 200
[debug] [2026-03-15T14:55:58.730Z] <<< [apiv2][body] GET https://firebasehosting.googleapis.com/v1beta1/projects/studio-2954956221-d79a9/sites/studio-2954956221-d79a9 {"name":"projects/studio-2954956221-d79a9/sites/studio-2954956221-d79a9","defaultUrl":"https://studio-2954956221-d79a9.web.app","appId":"1:120951427362:web:7a4d65b5dc5315d4fd157b","type":"DEFAULT_SITE"}
[info]    ▲ Next.js 15.1.6

[info] 

[info]    Creating an optimized production build ...

[info] 

[info] warn - The class `duration-[1500ms]` is ambiguous and matches multiple utilities.
warn - If this is content and not a class, replace it with `duration-&lsqb;1500ms&rsqb;` to silence this warning.

warn - The class `duration-[2000ms]` is ambiguous and matches multiple utilities.
warn - If this is content and not a class, replace it with `duration-&lsqb;2000ms&rsqb;` to silence this warning.

[info]  ✓ Compiled successfully

[info]    Linting and checking validity of types ...

[info] Failed to compile.


[info] ./src/ai/flows/recommend-food-flow.ts:6:30
Type error: Type instantiation is excessively deep and possibly infinite.

  4 | import { z } from "zod";
  5 |
> 6 | export const recommendFood = ai.defineFlow(
    |                              ^
  7 |   {
  8 |     name: "recommendFood",
  9 |     inputSchema: z.object({

[info] Static worker exited with code: 1 and signal: null

[debug] [2026-03-15T14:59:41.454Z] Error: Unable to find the next dep, try NPM installing?
    at getConfig (C:\Users\HP\AppData\Roaming\npm\node_modules\firebase-tools\lib\frameworks\next\index.js:496:19)
    at async build (C:\Users\HP\AppData\Roaming\npm\node_modules\firebase-tools\lib\frameworks\next\index.js:85:59)
    at async prepareFrameworks (C:\Users\HP\AppData\Roaming\npm\node_modules\firebase-tools\lib\frameworks\index.js:226:33)
    at async deploy (C:\Users\HP\AppData\Roaming\npm\node_modules\firebase-tools\lib\deploy\index.js:80:9)
[error] 
[error] Error: An unexpected error has occurred.
[debug] [2026-03-15T15:31:32.566Z] ----------------------------------------------------------------------
[debug] [2026-03-15T15:31:32.569Z] Command:       C:\Program Files\nodejs\node.exe C:\Users\HP\AppData\Roaming\npm\node_modules\firebase-tools\lib\bin\firebase.js deploy
[debug] [2026-03-15T15:31:32.569Z] CLI Version:   15.10.0
[debug] [2026-03-15T15:31:32.570Z] Platform:      win32
[debug] [2026-03-15T15:31:32.570Z] Node Version:  v25.2.1
[debug] [2026-03-15T15:31:32.570Z] Time:          Sun Mar 15 2026 18:31:32 GMT+0300 (East Africa Time)
[debug] [2026-03-15T15:31:32.570Z] ----------------------------------------------------------------------
[debug] 
[debug] [2026-03-15T15:31:37.239Z] Field "/apphosting" in "firebase.json" is possibly invalid: must be object
[debug] [2026-03-15T15:31:37.239Z] Object "/apphosting/0" in "firebase.json" is missing required property: {"missingProperty":"backendId"}
[debug] [2026-03-15T15:31:37.240Z] Field "/apphosting" in "firebase.json" is possibly invalid: must match a schema in anyOf
[debug] [2026-03-15T15:31:37.247Z] > command requires scopes: ["email","openid","https://www.googleapis.com/auth/cloudplatformprojects.readonly","https://www.googleapis.com/auth/firebase","https://www.googleapis.com/auth/cloud-platform"]
[debug] [2026-03-15T15:31:37.247Z] > authorizing via signed-in user (info@unihost.co.ke)
[debug] [2026-03-15T15:31:37.247Z] [iam] checking project studio-2954956221-d79a9 for permissions ["firebase.projects.get","firebasehosting.sites.update"]
[debug] [2026-03-15T15:31:37.249Z] Checked if tokens are valid: true, expires at: 1773589829725
[debug] [2026-03-15T15:31:37.249Z] Checked if tokens are valid: true, expires at: 1773589829725
[debug] [2026-03-15T15:31:37.251Z] >>> [apiv2][query] POST https://cloudresourcemanager.googleapis.com/v1/projects/studio-2954956221-d79a9:testIamPermissions [none]
[debug] [2026-03-15T15:31:37.251Z] >>> [apiv2][(partial)header] POST https://cloudresourcemanager.googleapis.com/v1/projects/studio-2954956221-d79a9:testIamPermissions  x-goog-user-project=studio-2954956221-d79a9
[debug] [2026-03-15T15:31:37.251Z] >>> [apiv2][body] POST https://cloudresourcemanager.googleapis.com/v1/projects/studio-2954956221-d79a9:testIamPermissions {"permissions":["firebase.projects.get","firebasehosting.sites.update"]}
[debug] [2026-03-15T15:31:39.062Z] <<< [apiv2][status] POST https://cloudresourcemanager.googleapis.com/v1/projects/studio-2954956221-d79a9:testIamPermissions 200
[debug] [2026-03-15T15:31:39.062Z] <<< [apiv2][body] POST https://cloudresourcemanager.googleapis.com/v1/projects/studio-2954956221-d79a9:testIamPermissions {"permissions":["firebase.projects.get","firebasehosting.sites.update"]}
[debug] [2026-03-15T15:31:39.063Z] Checked if tokens are valid: true, expires at: 1773589829725
[debug] [2026-03-15T15:31:39.063Z] Checked if tokens are valid: true, expires at: 1773589829725
[debug] [2026-03-15T15:31:39.064Z] >>> [apiv2][query] GET https://firebase.googleapis.com/v1beta1/projects/studio-2954956221-d79a9 [none]
[debug] [2026-03-15T15:31:40.007Z] <<< [apiv2][status] GET https://firebase.googleapis.com/v1beta1/projects/studio-2954956221-d79a9 200
[debug] [2026-03-15T15:31:40.008Z] <<< [apiv2][body] GET https://firebase.googleapis.com/v1beta1/projects/studio-2954956221-d79a9 {"projectId":"studio-2954956221-d79a9","projectNumber":"120951427362","displayName":"slice and spice","name":"projects/studio-2954956221-d79a9","resources":{"hostingSite":"studio-2954956221-d79a9","realtimeDatabaseInstance":"studio-2954956221-d79a9-default-rtdb"},"state":"ACTIVE","etag":"1_7b30d8cd-623d-4977-b83f-8265cff20899"}
[info] 
   Thank you for trying our early preview of Next.js support on Firebase Hosting.
   During the preview, support is best-effort and breaking changes can be expected. Proceed with caution.
   The integration is known to work with Next.js version 12 - 15.0. You may encounter errors.

   Documentation: https://firebase.google.com/docs/hosting/frameworks/nextjs
   File a bug: https://github.com/firebase/firebase-tools/issues/new?template=bug_report.md
   Submit a feature request: https://github.com/firebase/firebase-tools/issues/new?template=feature_request.md

   We'd love to learn from you. Express your interest in helping us shape the future of Firebase Hosting: https://goo.gle/41enW5X

[debug] [2026-03-15T15:31:57.053Z] Checked if tokens are valid: true, expires at: 1773589829725
[debug] [2026-03-15T15:31:57.053Z] Checked if tokens are valid: true, expires at: 1773589829725
[debug] [2026-03-15T15:31:57.053Z] >>> [apiv2][query] GET https://firebasehosting.googleapis.com/v1beta1/projects/studio-2954956221-d79a9/sites/studio-2954956221-d79a9 [none]
[debug] [2026-03-15T15:31:58.887Z] <<< [apiv2][status] GET https://firebasehosting.googleapis.com/v1beta1/projects/studio-2954956221-d79a9/sites/studio-2954956221-d79a9 200
[debug] [2026-03-15T15:31:58.887Z] <<< [apiv2][body] GET https://firebasehosting.googleapis.com/v1beta1/projects/studio-2954956221-d79a9/sites/studio-2954956221-d79a9 {"name":"projects/studio-2954956221-d79a9/sites/studio-2954956221-d79a9","defaultUrl":"https://studio-2954956221-d79a9.web.app","appId":"1:120951427362:web:7a4d65b5dc5315d4fd157b","type":"DEFAULT_SITE"}
[info]    ▲ Next.js 15.1.6

[info] 

[info]    Creating an optimized production build ...

[info] 

[info] warn - The class `duration-[1500ms]` is ambiguous and matches multiple utilities.
warn - If this is content and not a class, replace it with `duration-&lsqb;1500ms&rsqb;` to silence this warning.

[info] 

[info] warn - The class `duration-[2000ms]` is ambiguous and matches multiple utilities.
warn - If this is content and not a class, replace it with `duration-&lsqb;2000ms&rsqb;` to silence this warning.

[info]  ✓ Compiled successfully

[info]    Linting and checking validity of types ...

[info] Failed to compile.


[info] ./src/ai/flows/recommend-food-flow.ts:21:21
Type error: This expression is not callable because it is a 'get' accessor. Did you mean to use it without '()'?
  Type 'String' has no call signatures.

  19 |     });
  20 |
> 21 |     return response.text();
     |                     ^
  22 |   }
  23 | );

[info] Static worker exited with code: 1 and signal: null

[debug] [2026-03-15T15:32:58.600Z] Error: Unable to find the next dep, try NPM installing?
    at getConfig (C:\Users\HP\AppData\Roaming\npm\node_modules\firebase-tools\lib\frameworks\next\index.js:496:19)
    at async build (C:\Users\HP\AppData\Roaming\npm\node_modules\firebase-tools\lib\frameworks\next\index.js:85:59)
    at async prepareFrameworks (C:\Users\HP\AppData\Roaming\npm\node_modules\firebase-tools\lib\frameworks\index.js:226:33)
    at async deploy (C:\Users\HP\AppData\Roaming\npm\node_modules\firebase-tools\lib\deploy\index.js:80:9)
[error] 
[error] Error: An unexpected error has occurred.
[debug] [2026-03-15T15:37:57.090Z] ----------------------------------------------------------------------
[debug] [2026-03-15T15:37:57.094Z] Command:       C:\Program Files\nodejs\node.exe C:\Users\HP\AppData\Roaming\npm\node_modules\firebase-tools\lib\bin\firebase.js deploy
[debug] [2026-03-15T15:37:57.094Z] CLI Version:   15.10.0
[debug] [2026-03-15T15:37:57.094Z] Platform:      win32
[debug] [2026-03-15T15:37:57.094Z] Node Version:  v25.2.1
[debug] [2026-03-15T15:37:57.094Z] Time:          Sun Mar 15 2026 18:37:57 GMT+0300 (East Africa Time)
[debug] [2026-03-15T15:37:57.095Z] ----------------------------------------------------------------------
[debug] 
[debug] [2026-03-15T15:38:02.033Z] Field "/apphosting" in "firebase.json" is possibly invalid: must be object
[debug] [2026-03-15T15:38:02.034Z] Object "/apphosting/0" in "firebase.json" is missing required property: {"missingProperty":"backendId"}
[debug] [2026-03-15T15:38:02.034Z] Field "/apphosting" in "firebase.json" is possibly invalid: must match a schema in anyOf
[debug] [2026-03-15T15:38:02.039Z] > command requires scopes: ["email","openid","https://www.googleapis.com/auth/cloudplatformprojects.readonly","https://www.googleapis.com/auth/firebase","https://www.googleapis.com/auth/cloud-platform"]
[debug] [2026-03-15T15:38:02.040Z] > authorizing via signed-in user (info@unihost.co.ke)
[debug] [2026-03-15T15:38:02.040Z] [iam] checking project studio-2954956221-d79a9 for permissions ["firebase.projects.get","firebasehosting.sites.update"]
[debug] [2026-03-15T15:38:02.042Z] Checked if tokens are valid: false, expires at: 1773589829725
[debug] [2026-03-15T15:38:02.042Z] Checked if tokens are valid: false, expires at: 1773589829725
[debug] [2026-03-15T15:38:02.043Z] > refreshing access token with scopes: []
[debug] [2026-03-15T15:38:02.045Z] >>> [apiv2][query] POST https://www.googleapis.com/oauth2/v3/token [none]
[debug] [2026-03-15T15:38:02.045Z] >>> [apiv2][body] POST https://www.googleapis.com/oauth2/v3/token [omitted]
[debug] [2026-03-15T15:38:02.583Z] <<< [apiv2][status] POST https://www.googleapis.com/oauth2/v3/token 200
[debug] [2026-03-15T15:38:02.584Z] <<< [apiv2][body] POST https://www.googleapis.com/oauth2/v3/token [omitted]
[debug] [2026-03-15T15:38:02.602Z] >>> [apiv2][query] POST https://cloudresourcemanager.googleapis.com/v1/projects/studio-2954956221-d79a9:testIamPermissions [none]
[debug] [2026-03-15T15:38:02.602Z] >>> [apiv2][(partial)header] POST https://cloudresourcemanager.googleapis.com/v1/projects/studio-2954956221-d79a9:testIamPermissions  x-goog-user-project=studio-2954956221-d79a9
[debug] [2026-03-15T15:38:02.602Z] >>> [apiv2][body] POST https://cloudresourcemanager.googleapis.com/v1/projects/studio-2954956221-d79a9:testIamPermissions {"permissions":["firebase.projects.get","firebasehosting.sites.update"]}
[debug] [2026-03-15T15:38:04.118Z] <<< [apiv2][status] POST https://cloudresourcemanager.googleapis.com/v1/projects/studio-2954956221-d79a9:testIamPermissions 200
[debug] [2026-03-15T15:38:04.118Z] <<< [apiv2][body] POST https://cloudresourcemanager.googleapis.com/v1/projects/studio-2954956221-d79a9:testIamPermissions {"permissions":["firebase.projects.get","firebasehosting.sites.update"]}
[debug] [2026-03-15T15:38:04.119Z] Checked if tokens are valid: true, expires at: 1773592681584
[debug] [2026-03-15T15:38:04.119Z] Checked if tokens are valid: true, expires at: 1773592681584
[debug] [2026-03-15T15:38:04.119Z] >>> [apiv2][query] GET https://firebase.googleapis.com/v1beta1/projects/studio-2954956221-d79a9 [none]
[debug] [2026-03-15T15:38:04.773Z] <<< [apiv2][status] GET https://firebase.googleapis.com/v1beta1/projects/studio-2954956221-d79a9 200
[debug] [2026-03-15T15:38:04.773Z] <<< [apiv2][body] GET https://firebase.googleapis.com/v1beta1/projects/studio-2954956221-d79a9 {"projectId":"studio-2954956221-d79a9","projectNumber":"120951427362","displayName":"slice and spice","name":"projects/studio-2954956221-d79a9","resources":{"hostingSite":"studio-2954956221-d79a9","realtimeDatabaseInstance":"studio-2954956221-d79a9-default-rtdb"},"state":"ACTIVE","etag":"1_7b30d8cd-623d-4977-b83f-8265cff20899"}
[info] 
   Thank you for trying our early preview of Next.js support on Firebase Hosting.
   During the preview, support is best-effort and breaking changes can be expected. Proceed with caution.
   The integration is known to work with Next.js version 12 - 15.0. You may encounter errors.

   Documentation: https://firebase.google.com/docs/hosting/frameworks/nextjs
   File a bug: https://github.com/firebase/firebase-tools/issues/new?template=bug_report.md
   Submit a feature request: https://github.com/firebase/firebase-tools/issues/new?template=feature_request.md

   We'd love to learn from you. Express your interest in helping us shape the future of Firebase Hosting: https://goo.gle/41enW5X

[debug] [2026-03-15T15:38:20.725Z] Checked if tokens are valid: true, expires at: 1773592681584
[debug] [2026-03-15T15:38:20.725Z] Checked if tokens are valid: true, expires at: 1773592681584
[debug] [2026-03-15T15:38:20.726Z] >>> [apiv2][query] GET https://firebasehosting.googleapis.com/v1beta1/projects/studio-2954956221-d79a9/sites/studio-2954956221-d79a9 [none]
[debug] [2026-03-15T15:38:22.543Z] <<< [apiv2][status] GET https://firebasehosting.googleapis.com/v1beta1/projects/studio-2954956221-d79a9/sites/studio-2954956221-d79a9 200
[debug] [2026-03-15T15:38:22.543Z] <<< [apiv2][body] GET https://firebasehosting.googleapis.com/v1beta1/projects/studio-2954956221-d79a9/sites/studio-2954956221-d79a9 {"name":"projects/studio-2954956221-d79a9/sites/studio-2954956221-d79a9","defaultUrl":"https://studio-2954956221-d79a9.web.app","appId":"1:120951427362:web:7a4d65b5dc5315d4fd157b","type":"DEFAULT_SITE"}
[info]    ▲ Next.js 15.1.6

[info] 

[info]    Creating an optimized production build ...

[info] 

[info] warn - The class `duration-[1500ms]` is ambiguous and matches multiple utilities.
warn - If this is content and not a class, replace it with `duration-&lsqb;1500ms&rsqb;` to silence this warning.


[info] warn - The class `duration-[2000ms]` is ambiguous and matches multiple utilities.
warn - If this is content and not a class, replace it with `duration-&lsqb;2000ms&rsqb;` to silence this warning.

[info]  ✓ Compiled successfully

[info]    Linting and checking validity of types ...

[info] Failed to compile.


[info] ./src/app/menu/page.tsx:13:25
Type error: '"@/ai/flows/recommend-food-flow"' has no exported member named 'RecommendFoodOutput'. Did you mean 'recommendFood'?

  11 | import { Input } from "@/components/ui/input"
  12 | import { useCart } from "@/context/cart-context"
> 13 | import { recommendFood, RecommendFoodOutput } from "@/ai/flows/recommend-food-flow"
     |                         ^
  14 | import { useToast } from "@/hooks/use-toast"
  15 | import Link from "next/link"
  16 | import { Skeleton } from "@/components/ui/skeleton"

[info] Static worker exited with code: 1 and signal: null

[debug] [2026-03-15T15:39:22.355Z] Error: Unable to find the next dep, try NPM installing?
    at getConfig (C:\Users\HP\AppData\Roaming\npm\node_modules\firebase-tools\lib\frameworks\next\index.js:496:19)
    at async build (C:\Users\HP\AppData\Roaming\npm\node_modules\firebase-tools\lib\frameworks\next\index.js:85:59)
    at async prepareFrameworks (C:\Users\HP\AppData\Roaming\npm\node_modules\firebase-tools\lib\frameworks\index.js:226:33)
    at async deploy (C:\Users\HP\AppData\Roaming\npm\node_modules\firebase-tools\lib\deploy\index.js:80:9)
[error] 
[error] Error: An unexpected error has occurred.
[debug] [2026-03-15T15:44:41.224Z] ----------------------------------------------------------------------
[debug] [2026-03-15T15:44:41.229Z] Command:       C:\Program Files\nodejs\node.exe C:\Users\HP\AppData\Roaming\npm\node_modules\firebase-tools\lib\bin\firebase.js deploy
[debug] [2026-03-15T15:44:41.230Z] CLI Version:   15.10.0
[debug] [2026-03-15T15:44:41.230Z] Platform:      win32
[debug] [2026-03-15T15:44:41.231Z] Node Version:  v25.2.1
[debug] [2026-03-15T15:44:41.231Z] Time:          Sun Mar 15 2026 18:44:41 GMT+0300 (East Africa Time)
[debug] [2026-03-15T15:44:41.231Z] ----------------------------------------------------------------------
[debug] 
[debug] [2026-03-15T15:44:45.354Z] Field "/apphosting" in "firebase.json" is possibly invalid: must be object
[debug] [2026-03-15T15:44:45.355Z] Object "/apphosting/0" in "firebase.json" is missing required property: {"missingProperty":"backendId"}
[debug] [2026-03-15T15:44:45.355Z] Field "/apphosting" in "firebase.json" is possibly invalid: must match a schema in anyOf
[debug] [2026-03-15T15:44:45.361Z] > command requires scopes: ["email","openid","https://www.googleapis.com/auth/cloudplatformprojects.readonly","https://www.googleapis.com/auth/firebase","https://www.googleapis.com/auth/cloud-platform"]
[debug] [2026-03-15T15:44:45.361Z] > authorizing via signed-in user (info@unihost.co.ke)
[debug] [2026-03-15T15:44:45.361Z] [iam] checking project studio-2954956221-d79a9 for permissions ["firebase.projects.get","firebasehosting.sites.update"]
[debug] [2026-03-15T15:44:45.363Z] Checked if tokens are valid: true, expires at: 1773592681584
[debug] [2026-03-15T15:44:45.363Z] Checked if tokens are valid: true, expires at: 1773592681584
[debug] [2026-03-15T15:44:45.365Z] >>> [apiv2][query] POST https://cloudresourcemanager.googleapis.com/v1/projects/studio-2954956221-d79a9:testIamPermissions [none]
[debug] [2026-03-15T15:44:45.365Z] >>> [apiv2][(partial)header] POST https://cloudresourcemanager.googleapis.com/v1/projects/studio-2954956221-d79a9:testIamPermissions  x-goog-user-project=studio-2954956221-d79a9
[debug] [2026-03-15T15:44:45.365Z] >>> [apiv2][body] POST https://cloudresourcemanager.googleapis.com/v1/projects/studio-2954956221-d79a9:testIamPermissions {"permissions":["firebase.projects.get","firebasehosting.sites.update"]}
[debug] [2026-03-15T15:44:47.226Z] <<< [apiv2][status] POST https://cloudresourcemanager.googleapis.com/v1/projects/studio-2954956221-d79a9:testIamPermissions 200
[debug] [2026-03-15T15:44:47.226Z] <<< [apiv2][body] POST https://cloudresourcemanager.googleapis.com/v1/projects/studio-2954956221-d79a9:testIamPermissions {"permissions":["firebase.projects.get","firebasehosting.sites.update"]}
[debug] [2026-03-15T15:44:47.227Z] Checked if tokens are valid: true, expires at: 1773592681584
[debug] [2026-03-15T15:44:47.227Z] Checked if tokens are valid: true, expires at: 1773592681584
[debug] [2026-03-15T15:44:47.228Z] >>> [apiv2][query] GET https://firebase.googleapis.com/v1beta1/projects/studio-2954956221-d79a9 [none]
[debug] [2026-03-15T15:44:48.169Z] <<< [apiv2][status] GET https://firebase.googleapis.com/v1beta1/projects/studio-2954956221-d79a9 200
[debug] [2026-03-15T15:44:48.169Z] <<< [apiv2][body] GET https://firebase.googleapis.com/v1beta1/projects/studio-2954956221-d79a9 {"projectId":"studio-2954956221-d79a9","projectNumber":"120951427362","displayName":"slice and spice","name":"projects/studio-2954956221-d79a9","resources":{"hostingSite":"studio-2954956221-d79a9","realtimeDatabaseInstance":"studio-2954956221-d79a9-default-rtdb"},"state":"ACTIVE","etag":"1_7b30d8cd-623d-4977-b83f-8265cff20899"}
[info] 
   Thank you for trying our early preview of Next.js support on Firebase Hosting.
   During the preview, support is best-effort and breaking changes can be expected. Proceed with caution.
   The integration is known to work with Next.js version 12 - 15.0. You may encounter errors.

   Documentation: https://firebase.google.com/docs/hosting/frameworks/nextjs
   File a bug: https://github.com/firebase/firebase-tools/issues/new?template=bug_report.md
   Submit a feature request: https://github.com/firebase/firebase-tools/issues/new?template=feature_request.md

   We'd love to learn from you. Express your interest in helping us shape the future of Firebase Hosting: https://goo.gle/41enW5X

[debug] [2026-03-15T15:45:04.933Z] Checked if tokens are valid: true, expires at: 1773592681584
[debug] [2026-03-15T15:45:04.933Z] Checked if tokens are valid: true, expires at: 1773592681584
[debug] [2026-03-15T15:45:04.933Z] >>> [apiv2][query] GET https://firebasehosting.googleapis.com/v1beta1/projects/studio-2954956221-d79a9/sites/studio-2954956221-d79a9 [none]
[debug] [2026-03-15T15:45:06.419Z] <<< [apiv2][status] GET https://firebasehosting.googleapis.com/v1beta1/projects/studio-2954956221-d79a9/sites/studio-2954956221-d79a9 200
[debug] [2026-03-15T15:45:06.419Z] <<< [apiv2][body] GET https://firebasehosting.googleapis.com/v1beta1/projects/studio-2954956221-d79a9/sites/studio-2954956221-d79a9 {"name":"projects/studio-2954956221-d79a9/sites/studio-2954956221-d79a9","defaultUrl":"https://studio-2954956221-d79a9.web.app","appId":"1:120951427362:web:7a4d65b5dc5315d4fd157b","type":"DEFAULT_SITE"}
[info]    ▲ Next.js 15.1.6

[info] 

[info]    Creating an optimized production build ...

[info] Failed to compile.


[info] ./src/app/menu/page.tsx
Error:   x Unexpected token `main`. Expected jsx identifier
    ,-[C:\Users\HP\OneDrive\Documents\GitHub\slicespice\src\app\menu\page.tsx:97:1]
 94 |   }
 95 | 
 96 |   return (
 97 |     <main className="min-h-screen bg-background pt-24 pb-32 px-4 relative">
    :      ^^^^
 98 |       <Navbar />
 99 |       
 99 |       <div className="max-w-7xl mx-auto space-y-12 md:space-y-16">
    `----

Caused by:
    Syntax Error

Import trace for requested module:
./src/app/menu/page.tsx


[info] 
> Build failed because of webpack errors

[debug] [2026-03-15T15:45:30.046Z] Error: Unable to find the next dep, try NPM installing?
    at getConfig (C:\Users\HP\AppData\Roaming\npm\node_modules\firebase-tools\lib\frameworks\next\index.js:496:19)
    at async build (C:\Users\HP\AppData\Roaming\npm\node_modules\firebase-tools\lib\frameworks\next\index.js:85:59)
    at async prepareFrameworks (C:\Users\HP\AppData\Roaming\npm\node_modules\firebase-tools\lib\frameworks\index.js:226:33)
    at async deploy (C:\Users\HP\AppData\Roaming\npm\node_modules\firebase-tools\lib\deploy\index.js:80:9)
[error] 
[error] Error: An unexpected error has occurred.
[debug] [2026-03-15T16:11:09.330Z] ----------------------------------------------------------------------
[debug] [2026-03-15T16:11:09.333Z] Command:       C:\Program Files\nodejs\node.exe C:\Users\HP\AppData\Roaming\npm\node_modules\firebase-tools\lib\bin\firebase.js deploy
[debug] [2026-03-15T16:11:09.333Z] CLI Version:   15.10.0
[debug] [2026-03-15T16:11:09.333Z] Platform:      win32
[debug] [2026-03-15T16:11:09.333Z] Node Version:  v25.2.1
[debug] [2026-03-15T16:11:09.334Z] Time:          Sun Mar 15 2026 19:11:09 GMT+0300 (East Africa Time)
[debug] [2026-03-15T16:11:09.334Z] ----------------------------------------------------------------------
[debug] 
[debug] [2026-03-15T16:11:13.598Z] Field "/apphosting" in "firebase.json" is possibly invalid: must be object
[debug] [2026-03-15T16:11:13.599Z] Object "/apphosting/0" in "firebase.json" is missing required property: {"missingProperty":"backendId"}
[debug] [2026-03-15T16:11:13.599Z] Field "/apphosting" in "firebase.json" is possibly invalid: must match a schema in anyOf
[debug] [2026-03-15T16:11:13.606Z] > command requires scopes: ["email","openid","https://www.googleapis.com/auth/cloudplatformprojects.readonly","https://www.googleapis.com/auth/firebase","https://www.googleapis.com/auth/cloud-platform"]
[debug] [2026-03-15T16:11:13.606Z] > authorizing via signed-in user (info@unihost.co.ke)
[debug] [2026-03-15T16:11:13.606Z] [iam] checking project studio-2954956221-d79a9 for permissions ["firebase.projects.get","firebasehosting.sites.update"]
[debug] [2026-03-15T16:11:13.608Z] Checked if tokens are valid: true, expires at: 1773592681584
[debug] [2026-03-15T16:11:13.608Z] Checked if tokens are valid: true, expires at: 1773592681584
[debug] [2026-03-15T16:11:13.610Z] >>> [apiv2][query] POST https://cloudresourcemanager.googleapis.com/v1/projects/studio-2954956221-d79a9:testIamPermissions [none]
[debug] [2026-03-15T16:11:13.610Z] >>> [apiv2][(partial)header] POST https://cloudresourcemanager.googleapis.com/v1/projects/studio-2954956221-d79a9:testIamPermissions  x-goog-user-project=studio-2954956221-d79a9
[debug] [2026-03-15T16:11:13.610Z] >>> [apiv2][body] POST https://cloudresourcemanager.googleapis.com/v1/projects/studio-2954956221-d79a9:testIamPermissions {"permissions":["firebase.projects.get","firebasehosting.sites.update"]}
[debug] [2026-03-15T16:11:15.777Z] <<< [apiv2][status] POST https://cloudresourcemanager.googleapis.com/v1/projects/studio-2954956221-d79a9:testIamPermissions 200
[debug] [2026-03-15T16:11:15.777Z] <<< [apiv2][body] POST https://cloudresourcemanager.googleapis.com/v1/projects/studio-2954956221-d79a9:testIamPermissions {"permissions":["firebase.projects.get","firebasehosting.sites.update"]}
[debug] [2026-03-15T16:11:15.778Z] Checked if tokens are valid: true, expires at: 1773592681584
[debug] [2026-03-15T16:11:15.778Z] Checked if tokens are valid: true, expires at: 1773592681584
[debug] [2026-03-15T16:11:15.778Z] >>> [apiv2][query] GET https://firebase.googleapis.com/v1beta1/projects/studio-2954956221-d79a9 [none]
[debug] [2026-03-15T16:11:16.664Z] <<< [apiv2][status] GET https://firebase.googleapis.com/v1beta1/projects/studio-2954956221-d79a9 200
[debug] [2026-03-15T16:11:16.664Z] <<< [apiv2][body] GET https://firebase.googleapis.com/v1beta1/projects/studio-2954956221-d79a9 {"projectId":"studio-2954956221-d79a9","projectNumber":"120951427362","displayName":"slice and spice","name":"projects/studio-2954956221-d79a9","resources":{"hostingSite":"studio-2954956221-d79a9","realtimeDatabaseInstance":"studio-2954956221-d79a9-default-rtdb"},"state":"ACTIVE","etag":"1_7b30d8cd-623d-4977-b83f-8265cff20899"}
[info] 
   Thank you for trying our early preview of Next.js support on Firebase Hosting.
   During the preview, support is best-effort and breaking changes can be expected. Proceed with caution.
   The integration is known to work with Next.js version 12 - 15.0. You may encounter errors.

   Documentation: https://firebase.google.com/docs/hosting/frameworks/nextjs
   File a bug: https://github.com/firebase/firebase-tools/issues/new?template=bug_report.md
   Submit a feature request: https://github.com/firebase/firebase-tools/issues/new?template=feature_request.md

   We'd love to learn from you. Express your interest in helping us shape the future of Firebase Hosting: https://goo.gle/41enW5X

[debug] [2026-03-15T16:11:34.719Z] Checked if tokens are valid: true, expires at: 1773592681584
[debug] [2026-03-15T16:11:34.719Z] Checked if tokens are valid: true, expires at: 1773592681584
[debug] [2026-03-15T16:11:34.720Z] >>> [apiv2][query] GET https://firebasehosting.googleapis.com/v1beta1/projects/studio-2954956221-d79a9/sites/studio-2954956221-d79a9 [none]
[debug] [2026-03-15T16:13:13.970Z] ----------------------------------------------------------------------
[debug] [2026-03-15T16:13:13.974Z] Command:       C:\Program Files\nodejs\node.exe C:\Users\HP\AppData\Roaming\npm\node_modules\firebase-tools\lib\bin\firebase.js deploy
[debug] [2026-03-15T16:13:13.975Z] CLI Version:   15.10.0
[debug] [2026-03-15T16:13:13.975Z] Platform:      win32
[debug] [2026-03-15T16:13:13.975Z] Node Version:  v25.2.1
[debug] [2026-03-15T16:13:13.975Z] Time:          Sun Mar 15 2026 19:13:13 GMT+0300 (East Africa Time)
[debug] [2026-03-15T16:13:13.976Z] ----------------------------------------------------------------------
[debug] 
[debug] [2026-03-15T16:13:18.207Z] Field "/apphosting" in "firebase.json" is possibly invalid: must be object
[debug] [2026-03-15T16:13:18.207Z] Object "/apphosting/0" in "firebase.json" is missing required property: {"missingProperty":"backendId"}
[debug] [2026-03-15T16:13:18.208Z] Field "/apphosting" in "firebase.json" is possibly invalid: must match a schema in anyOf
[debug] [2026-03-15T16:13:18.214Z] > command requires scopes: ["email","openid","https://www.googleapis.com/auth/cloudplatformprojects.readonly","https://www.googleapis.com/auth/firebase","https://www.googleapis.com/auth/cloud-platform"]
[debug] [2026-03-15T16:13:18.215Z] > authorizing via signed-in user (info@unihost.co.ke)
[debug] [2026-03-15T16:13:18.215Z] [iam] checking project studio-2954956221-d79a9 for permissions ["firebase.projects.get","firebasehosting.sites.update"]
[debug] [2026-03-15T16:13:18.217Z] Checked if tokens are valid: true, expires at: 1773592681584
[debug] [2026-03-15T16:13:18.217Z] Checked if tokens are valid: true, expires at: 1773592681584
[debug] [2026-03-15T16:13:18.218Z] >>> [apiv2][query] POST https://cloudresourcemanager.googleapis.com/v1/projects/studio-2954956221-d79a9:testIamPermissions [none]
[debug] [2026-03-15T16:13:18.218Z] >>> [apiv2][(partial)header] POST https://cloudresourcemanager.googleapis.com/v1/projects/studio-2954956221-d79a9:testIamPermissions  x-goog-user-project=studio-2954956221-d79a9
[debug] [2026-03-15T16:13:18.218Z] >>> [apiv2][body] POST https://cloudresourcemanager.googleapis.com/v1/projects/studio-2954956221-d79a9:testIamPermissions {"permissions":["firebase.projects.get","firebasehosting.sites.update"]}
[debug] [2026-03-15T16:13:19.864Z] <<< [apiv2][status] POST https://cloudresourcemanager.googleapis.com/v1/projects/studio-2954956221-d79a9:testIamPermissions 200
[debug] [2026-03-15T16:13:19.864Z] <<< [apiv2][body] POST https://cloudresourcemanager.googleapis.com/v1/projects/studio-2954956221-d79a9:testIamPermissions {"permissions":["firebase.projects.get","firebasehosting.sites.update"]}
[debug] [2026-03-15T16:13:19.865Z] Checked if tokens are valid: true, expires at: 1773592681584
[debug] [2026-03-15T16:13:19.865Z] Checked if tokens are valid: true, expires at: 1773592681584
[debug] [2026-03-15T16:13:19.865Z] >>> [apiv2][query] GET https://firebase.googleapis.com/v1beta1/projects/studio-2954956221-d79a9 [none]
[debug] [2026-03-15T16:13:20.506Z] <<< [apiv2][status] GET https://firebase.googleapis.com/v1beta1/projects/studio-2954956221-d79a9 200
[debug] [2026-03-15T16:13:20.506Z] <<< [apiv2][body] GET https://firebase.googleapis.com/v1beta1/projects/studio-2954956221-d79a9 {"projectId":"studio-2954956221-d79a9","projectNumber":"120951427362","displayName":"slice and spice","name":"projects/studio-2954956221-d79a9","resources":{"hostingSite":"studio-2954956221-d79a9","realtimeDatabaseInstance":"studio-2954956221-d79a9-default-rtdb"},"state":"ACTIVE","etag":"1_7b30d8cd-623d-4977-b83f-8265cff20899"}
[info] 
   Thank you for trying our early preview of Next.js support on Firebase Hosting.
   During the preview, support is best-effort and breaking changes can be expected. Proceed with caution.
   The integration is known to work with Next.js version 12 - 15.0. You may encounter errors.

   Documentation: https://firebase.google.com/docs/hosting/frameworks/nextjs
   File a bug: https://github.com/firebase/firebase-tools/issues/new?template=bug_report.md
   Submit a feature request: https://github.com/firebase/firebase-tools/issues/new?template=feature_request.md

   We'd love to learn from you. Express your interest in helping us shape the future of Firebase Hosting: https://goo.gle/41enW5X

[debug] [2026-03-15T16:13:36.714Z] Checked if tokens are valid: true, expires at: 1773592681584
[debug] [2026-03-15T16:13:36.715Z] Checked if tokens are valid: true, expires at: 1773592681584
[debug] [2026-03-15T16:13:36.715Z] >>> [apiv2][query] GET https://firebasehosting.googleapis.com/v1beta1/projects/studio-2954956221-d79a9/sites/studio-2954956221-d79a9 [none]
[debug] [2026-03-15T16:13:38.530Z] <<< [apiv2][status] GET https://firebasehosting.googleapis.com/v1beta1/projects/studio-2954956221-d79a9/sites/studio-2954956221-d79a9 200
[debug] [2026-03-15T16:13:38.530Z] <<< [apiv2][body] GET https://firebasehosting.googleapis.com/v1beta1/projects/studio-2954956221-d79a9/sites/studio-2954956221-d79a9 {"name":"projects/studio-2954956221-d79a9/sites/studio-2954956221-d79a9","defaultUrl":"https://studio-2954956221-d79a9.web.app","appId":"1:120951427362:web:7a4d65b5dc5315d4fd157b","type":"DEFAULT_SITE"}
[info]    ▲ Next.js 15.1.6

[info] 

[info]    Creating an optimized production build ...

[info] 

[info] warn - The class `duration-[1500ms]` is ambiguous and matches multiple utilities.
warn - If this is content and not a class, replace it with `duration-&lsqb;1500ms&rsqb;` to silence this warning.

[info] 

[info] warn - The class `duration-[2000ms]` is ambiguous and matches multiple utilities.
warn - If this is content and not a class, replace it with `duration-&lsqb;2000ms&rsqb;` to silence this warning.

[info]  ✓ Compiled successfully

[info]    Linting and checking validity of types ...

[info] Failed to compile.


[info] ./src/app/track/[orderId]/page.tsx:66:111
Type error: 'orderId' is possibly 'undefined'.

  64 |         <div className="text-center space-y-4">
  65 |           <h1 className="text-6xl font-black tracking-tighter uppercase">Tracking Your <span className="gold-highlight italic text-black">Cravings</span></h1>
> 66 |           <p className="text-muted-foreground font-mono text-sm uppercase tracking-widest">Order Reference: #{orderId.slice(-6).toUpperCase()}</p>
     |                                                                                                               ^
  67 |         </div>
  68 |
  69 |         <GlassCard className="p-10 space-y-12">

[info] Static worker exited with code: 1 and signal: null

[debug] [2026-03-15T16:14:39.293Z] Error: Unable to find the next dep, try NPM installing?
    at getConfig (C:\Users\HP\AppData\Roaming\npm\node_modules\firebase-tools\lib\frameworks\next\index.js:496:19)
    at async build (C:\Users\HP\AppData\Roaming\npm\node_modules\firebase-tools\lib\frameworks\next\index.js:85:59)
    at async prepareFrameworks (C:\Users\HP\AppData\Roaming\npm\node_modules\firebase-tools\lib\frameworks\index.js:226:33)
    at async deploy (C:\Users\HP\AppData\Roaming\npm\node_modules\firebase-tools\lib\deploy\index.js:80:9)
[error] 
[error] Error: An unexpected error has occurred.
[debug] [2026-03-15T16:21:02.516Z] ----------------------------------------------------------------------
[debug] [2026-03-15T16:21:02.521Z] Command:       C:\Program Files\nodejs\node.exe C:\Users\HP\AppData\Roaming\npm\node_modules\firebase-tools\lib\bin\firebase.js deploy
[debug] [2026-03-15T16:21:02.521Z] CLI Version:   15.10.0
[debug] [2026-03-15T16:21:02.522Z] Platform:      win32
[debug] [2026-03-15T16:21:02.523Z] Node Version:  v25.2.1
[debug] [2026-03-15T16:21:02.523Z] Time:          Sun Mar 15 2026 19:21:02 GMT+0300 (East Africa Time)
[debug] [2026-03-15T16:21:02.523Z] ----------------------------------------------------------------------
[debug] 
[debug] [2026-03-15T16:21:07.015Z] Field "/apphosting" in "firebase.json" is possibly invalid: must be object
[debug] [2026-03-15T16:21:07.016Z] Object "/apphosting/0" in "firebase.json" is missing required property: {"missingProperty":"backendId"}
[debug] [2026-03-15T16:21:07.016Z] Field "/apphosting" in "firebase.json" is possibly invalid: must match a schema in anyOf
[debug] [2026-03-15T16:21:07.023Z] > command requires scopes: ["email","openid","https://www.googleapis.com/auth/cloudplatformprojects.readonly","https://www.googleapis.com/auth/firebase","https://www.googleapis.com/auth/cloud-platform"]
[debug] [2026-03-15T16:21:07.023Z] > authorizing via signed-in user (info@unihost.co.ke)
[debug] [2026-03-15T16:21:07.023Z] [iam] checking project studio-2954956221-d79a9 for permissions ["firebase.projects.get","firebasehosting.sites.update"]
[debug] [2026-03-15T16:21:07.025Z] Checked if tokens are valid: true, expires at: 1773592681584
[debug] [2026-03-15T16:21:07.025Z] Checked if tokens are valid: true, expires at: 1773592681584
[debug] [2026-03-15T16:21:07.027Z] >>> [apiv2][query] POST https://cloudresourcemanager.googleapis.com/v1/projects/studio-2954956221-d79a9:testIamPermissions [none]
[debug] [2026-03-15T16:21:07.027Z] >>> [apiv2][(partial)header] POST https://cloudresourcemanager.googleapis.com/v1/projects/studio-2954956221-d79a9:testIamPermissions  x-goog-user-project=studio-2954956221-d79a9
[debug] [2026-03-15T16:21:07.027Z] >>> [apiv2][body] POST https://cloudresourcemanager.googleapis.com/v1/projects/studio-2954956221-d79a9:testIamPermissions {"permissions":["firebase.projects.get","firebasehosting.sites.update"]}
[debug] [2026-03-15T16:21:08.664Z] <<< [apiv2][status] POST https://cloudresourcemanager.googleapis.com/v1/projects/studio-2954956221-d79a9:testIamPermissions 200
[debug] [2026-03-15T16:21:08.665Z] <<< [apiv2][body] POST https://cloudresourcemanager.googleapis.com/v1/projects/studio-2954956221-d79a9:testIamPermissions {"permissions":["firebase.projects.get","firebasehosting.sites.update"]}
[debug] [2026-03-15T16:21:08.666Z] Checked if tokens are valid: true, expires at: 1773592681584
[debug] [2026-03-15T16:21:08.666Z] Checked if tokens are valid: true, expires at: 1773592681584
[debug] [2026-03-15T16:21:08.666Z] >>> [apiv2][query] GET https://firebase.googleapis.com/v1beta1/projects/studio-2954956221-d79a9 [none]
[debug] [2026-03-15T16:21:09.297Z] <<< [apiv2][status] GET https://firebase.googleapis.com/v1beta1/projects/studio-2954956221-d79a9 200
[debug] [2026-03-15T16:21:09.297Z] <<< [apiv2][body] GET https://firebase.googleapis.com/v1beta1/projects/studio-2954956221-d79a9 {"projectId":"studio-2954956221-d79a9","projectNumber":"120951427362","displayName":"slice and spice","name":"projects/studio-2954956221-d79a9","resources":{"hostingSite":"studio-2954956221-d79a9","realtimeDatabaseInstance":"studio-2954956221-d79a9-default-rtdb"},"state":"ACTIVE","etag":"1_7b30d8cd-623d-4977-b83f-8265cff20899"}
[info] 
   Thank you for trying our early preview of Next.js support on Firebase Hosting.
   During the preview, support is best-effort and breaking changes can be expected. Proceed with caution.
   The integration is known to work with Next.js version 12 - 15.0. You may encounter errors.

   Documentation: https://firebase.google.com/docs/hosting/frameworks/nextjs
   File a bug: https://github.com/firebase/firebase-tools/issues/new?template=bug_report.md
   Submit a feature request: https://github.com/firebase/firebase-tools/issues/new?template=feature_request.md

   We'd love to learn from you. Express your interest in helping us shape the future of Firebase Hosting: https://goo.gle/41enW5X

[debug] [2026-03-15T16:21:25.119Z] Checked if tokens are valid: true, expires at: 1773592681584
[debug] [2026-03-15T16:21:25.119Z] Checked if tokens are valid: true, expires at: 1773592681584
[debug] [2026-03-15T16:21:25.119Z] >>> [apiv2][query] GET https://firebasehosting.googleapis.com/v1beta1/projects/studio-2954956221-d79a9/sites/studio-2954956221-d79a9 [none]
[debug] [2026-03-15T16:21:26.959Z] <<< [apiv2][status] GET https://firebasehosting.googleapis.com/v1beta1/projects/studio-2954956221-d79a9/sites/studio-2954956221-d79a9 200
[debug] [2026-03-15T16:21:26.960Z] <<< [apiv2][body] GET https://firebasehosting.googleapis.com/v1beta1/projects/studio-2954956221-d79a9/sites/studio-2954956221-d79a9 {"name":"projects/studio-2954956221-d79a9/sites/studio-2954956221-d79a9","defaultUrl":"https://studio-2954956221-d79a9.web.app","appId":"1:120951427362:web:7a4d65b5dc5315d4fd157b","type":"DEFAULT_SITE"}
[info]    ▲ Next.js 15.1.6

[info] 

[info]    Creating an optimized production build ...

[info] 

[info] warn - The class `duration-[1500ms]` is ambiguous and matches multiple utilities.
warn - If this is content and not a class, replace it with `duration-&lsqb;1500ms&rsqb;` to silence this warning.

[info] 
warn - The class `duration-[2000ms]` is ambiguous and matches multiple utilities.
warn - If this is content and not a class, replace it with `duration-&lsqb;2000ms&rsqb;` to silence this warning.

[info]  ✓ Compiled successfully

[info]    Linting and checking validity of types ...

[info] Failed to compile.


[info] ./src/components/ui/accordion.tsx:4:37
Type error: Cannot find module '@radix-ui/react-accordion' or its corresponding type declarations.

  2 |
  3 | import * as React from "react"
> 4 | import * as AccordionPrimitive from "@radix-ui/react-accordion"
    |                                     ^
  5 | import { ChevronDown } from "lucide-react"
  6 |
  7 | import { cn } from "@/lib/utils"

[info] Static worker exited with code: 1 and signal: null

[debug] [2026-03-15T16:22:25.504Z] Error: Unable to find the next dep, try NPM installing?
    at getConfig (C:\Users\HP\AppData\Roaming\npm\node_modules\firebase-tools\lib\frameworks\next\index.js:496:19)
    at async build (C:\Users\HP\AppData\Roaming\npm\node_modules\firebase-tools\lib\frameworks\next\index.js:85:59)
    at async prepareFrameworks (C:\Users\HP\AppData\Roaming\npm\node_modules\firebase-tools\lib\frameworks\index.js:226:33)
    at async deploy (C:\Users\HP\AppData\Roaming\npm\node_modules\firebase-tools\lib\deploy\index.js:80:9)
[error] 
[error] Error: An unexpected error has occurred.
